[    0.000000] Linux version 4.15.0-52-generic (buildd@lgw01-amd64-051) (gcc version 7.3.0 (Ubuntu 7.3.0-16ubuntu3)) #56-Ubuntu SMP Tue Jun 4 22:49:08 UTC 2019 (Ubuntu 4.15.0-52.56-generic 4.15.18)
[    0.000000] Command line: BOOT_IMAGE=/boot/vmlinuz-4.15.0-52-generic root=UUID=80e728dc-c0e0-45d9-aba4-8e531d47f319 ro console=tty1 console=ttyS0
[    0.000000] KERNEL supported cpus:
[    0.000000]   Intel GenuineIntel
[    0.000000]   AMD AuthenticAMD
[    0.000000]   Centaur CentaurHauls
[    0.000000] x86/fpu: Supporting XSAVE feature 0x001: 'x87 floating point registers'
[    0.000000] x86/fpu: Supporting XSAVE feature 0x002: 'SSE registers'
[    0.000000] x86/fpu: Supporting XSAVE feature 0x004: 'AVX registers'
[    0.000000] x86/fpu: xstate_offset[2]:  576, xstate_sizes[2]:  256
[    0.000000] x86/fpu: Enabled xstate features 0x7, contextsize is 832 bytes, using 'standard' format.
[    0.000000] 82: BIOS-pvied physical RAM map:
[    0.000000] BIOS-e820: [mem 0x0000000000000000-0x000000000009fbff] usable
[    0.000000] BIOS-e820: [me 00000000009fc00-0x000000000009ffff] reserved
[    0.000000] BIOS-e820: [mem 0x0000000000f0000-0x00000000000fffff] reserved
[    0.000000] BIOSe820: em 0x0000000000100000-0x00000000dffeffff] usable
[    0.000000] BIOS-e820: [mem 0x00000000dfff0000-0x00000000dfffffff] ACPI data
[    0.000000] BIOS-e820: [mem 0x00000000fec00000-0x00000000fec00fff] reserved
[    0.000000] BIOS-e820: [mem 0x00000000fee00000-0x00000000fee00fff] reserved
[    0.000000] BIOS-e820: [mem 0x00000000fffc00-0x00000000ffffffff] reserved
[    0.000000] BIOS-e820: [m 0x0000000100000000-0x0000011fffff]usabl
[    0.000000] NX (Execute Disable) protection: active
[    0.000000] SMBIOS 5 resent.[    0.000000] DMI: innotek GmbH VirtualBox/VirtualBox, BIOS VirtualBox 12/01/2006
[    0.000000] Hypervisor detected: KVM
[    0.000000] e820: last_pfn = 0x120000 max_arch_pfn = 0x4000000
[   0.0000] MTRR: Disabled
[    0.000000] x86/PAT: MTRRs disabled, skipping PAT initialization too.
[    0.000000] CPU MTRRs all ank - viualized system.
[    0.000000] x86/PAT: Configuration [0-: WB  WT  UC- UC  WB  WT  UC- UC  
[    0.000000] e820: last_pfn = 0xdfff0 max_arch_pfn = 0x400000000
[    0.000000] found SMP MP-table at [mem 0x0009fff0-0x0009ffff] mapped at [        (ptrval)]
[    0.000000] Scanning 1 areas forow memory corruption
[    0.000000] RAMDISK: [mem 0x359d5000-0x36ce1fff]
[    0.000000] ACPI: Early table checksum verification disabled
[    0.000000] ACPI: RSDP 0x00000000000E0000 000024 (v02 VBOX  )
[    0.000000] ACPI: XSDT 0x00000000DFFF0030 00003C (v01 VBOX   VBOXXSDT 00000001 ASL  00000061)
[    0.000000] ACPI: FACP 0x00000000DFFF00F0 0000F4 (v04 VBOX   VBOXFACP 00000001 ASL  00000061)
[    0.000000] ACPI: DSDT 0x00000000DFFF0470 0021FF (v02 VBOX   VBOXBIOS 00000002 INTL 20100528)
[    0.000000] ACPI: FACS 0x00000000DFFF0200 000040
[    0.000000] ACPI: FACS 0x00000000DFFF0200 000040

[   0.000000] ACPI: APIC 0x00000000DFFF0240 00005C (v02 VBOX   VBOXAPIC 00000001 ASL  00000061)
[    0.000000] ACPISSDT 00000000DFF2A0 0001CC (v01 VBOX   VBOXCPUT 00000002 INTL 20100528)
[    0.000000] No NUMA configuration found
[    0.0000]Faking a nodat [me0x0000000000000000-0x000000011fffffff]
[    0.000000] NODE_DATA(0) allocated [mem 0x11ffd1000-0x11fffbfff]
[    0.000000] kvm-lo: cpu 0,sr 1:1ff500, prima cpu clo
    0.0000] kvm-clock: Using msrs 4b564d01 and 4b564d00
[    0.000000] kvm-clock: using sched offset of 534946694cyles
[    0.000000] clocksource: kvm-clock: mask: 0xffffffffffffffff max_cycles: 0x1cd42e4dffb, max_dle_ns: 881590591483 ns
[    0.000000] Zone ranges:
[    0.000000]   DMA      [mem 0x0000000000001000-0x0000000000ffffff]
[    0.000000]   DMA32    [mem 0x0000000001000000-0x00000000ffffffff]
[    0.000000]   Normal   [mem 0x0000000100000000-0x000000011fffffff]
[    0.0000]   vice  empty
[    0.000000] Movable zone start for each node
   0.000000] Earlymeory ne ranges
[    0.000000]   node   0: [mem 0x0000000000001000-0x000000000009efff]
[    0.000000]   node   0: [mem 0x0000000000100000-0x00000000dffeffff]
[    0.000000]   node   0: [mem 0x0000000100000000-0x000000011fffffff]
[    0.000000] Reserved but unavailable: 114 pages
[    0.000000] Initmem setup node 0 [mem 0x0000000000001000-0x000000011fffffff]
[    0.000000] ACPI: PM-Timer IO Port: 0x4008
[    0.000000] IOAPIC[0]: apic_id 2, version 32, address 0xfec00000, GSI 0-23
[    0.00000] ACPI: INT_SRC_OVR (bus 0 bus_irq 0 global_irq 2 dfl dfl)
[    0.000000] ACPI: INT_SRC_OVR (bus 0 bus_irq 9 global_irq 9 low level)
[    0.000000] Using ACPI (MADT) for SMP configutin information
[    0.000000] smpboot: Allowing 2 CPUs, 0 hotplug CPUs
[    0.000000] PM: Regierd nosave memory: [mem 0x00000000-0x000000ff]
[    0.000000] PM: Registered nosave memory: [mem 0x0009f000-0x0009ffff]
[    0.000000] PM: Registered nosave memory: [mem 0x000a0000-0x000effff]
[    0.000000] PM: Reisered nosa memory: [memx000f00-0000ffff
[   0.00000] PM: gister nsave mory: [mem 0xdfff0000-0xdfffffff]
[    0.000000] PM: Registered nosave memory: [mem 0xe0000000-0xfebfffff]
[    0.000000] PM: Registered nosave memory: [mem 0xfec00000-0xfec00fff]
[    0.000000] PM: Registered nosave memory: [mem 0xfec01000-0xfedfffff]
[    0.000000] PM: Registered nosave memory: [mem 0xfee00000-0xfee00fff]
[    0.000000] PM: Registered nosave memor [mem 0xfee01000-0xfffbffff]
[    0.000000] PM: Registered nosave memory: [mem 0xfffc0000-0xffffffff]
[    0.000000] e820: [mem 0xe0000000-0xfebfffff] available for PCI devices
[    0.000000] Booting paravirtualized kernel on KVM
[    0.000000] clocksource: refined-jiffies: mask: 0xffffffff max_cycles: 0xffffffff, max_idle_ns: 7645519600211568 ns
[    0.000000] random: get_random_bytes called from start_kernel+0x99/0x4fd with crng_init=0
[    0.000000] setup_percpu: NR_CPUS:8192 nr_cpumask_bits:2 nr_cpu_ids:2 nr_node_ids:1
[    0.000000] percpu: Embedded 46 pages/cpu @        (ptrval) s151552 r8192 d28672 u1048576
[    0.000000] PV qspinlock hash table entries: 256 (order: 0, 4096 bytes)
[    0.000000] Built 1 zonelists, mobility grouping on.  Total pages: 1032057
[    0.000000] Policy zone: Normal
[    0.000000] Kernel command line: BOOT_IMAGE=/boot/vmlinuz-4.15.0-52-generic root=UUID=80e728dc-c0e0-45d9-aba4-8e531d47f319 rconsoltt1 coso=ttyS0     0.000000] Memory: 4013684K/4193848K available (12300K kernel code, 2473K rwdata, 4272K rodata, 2408K init, 2416K bss, 180164K reserved, 0K cma-reserved)
[    0.000000] SLUB: HWaln=64, Order=0-3, MinObjects=0, CPUs=2, Nodes=1
[    0.000000] Kernel/User page tables isolation: enabled
[    0.000000] ftrace: allocating 39216 entries in 154 pages
[    0.004000] Hierarchical RCU implementation.
[    0.004000] 	RCU restricting CPUs from NR_CPUS=8192 to nr_cpu_ids=2.
[    0.004000] 	Tasks RCU enabled.
[    0.004000] RCU: Adjusting geometry for rcu_fanout_leaf=16, nr_cpu_ids=2
[    0.004000] NR_IRQS: 524544, nr_irqs: 440, preallocated irqs: 16
[    0.004000] Console: colour VGA+ 80x25
[    0.004000] console [tty1] enabled
[    0.004000] console [ttyS0] enabled
[    0.004000] ACPI:Core revision 20170831
[    0.004000] ACPI: 2 ACPI AML tables successfully acquired and loaded
[    0.004000] APIC Switch to symmetric I/O mode setup
[    0.004235] x2apic enabled
[    0.008005] Switched APIC routing to physical x2apic.
[    0.010137] ..TIMER: vector=0x30 apic1=0 pin1=2 apic2=-1 pin2=-1
[    0.012004] tsc: Detected 2303.998 MHz processor
[    0.016014] Calibrating delay loop (skipped) preset value.. 4607.99 BogoMIPS (lpj=9215992)
[    0.020009] pid_max: default: 32768 minimum: 301
[    0.024044] Security Framework initialized
[    0.028005] Yama: becoming mindful.
[    0.036042] AppArmor: AppArmor initialized
[    0.045401] Dentry cache hash table entries: 524288 (order: 10, 4194304 bytes)
[    0.049451] Inode-cache hash table entries: 262144 (order: 9, 2097152 bytes)
[    0.052038] Mount-cache hash table entries: 8192 (order: 4, 65536 bytes)
[    0.053839] Mountpoint-cache hash table entries: 8192 (order: 4, 65536 bytes)
[    0.056213] mce: CPU supports 0 MCE banks
[    0.057381] Last level iTLB entries: 4KB 64, 2MB 8, 4MB 8
[    0.060007] Last level dTLB entries: 4KB 64, 2MB 0, 4MB 0, 1GB 4
[    0.064008] Spectre V2 : Mitigation: Full generic retpoline
[    0.065511] Spectre V2 : Spectre v2 / SpectreRSB mitigation: Filling RSB on context switch
[    0.068002] Speculative Store Bypass: Vulnerable
[    0.069307] MDS: Vulnerable: Clear CPU buffers attempted, no microcode
[    0.071125] Freeing SMP alternatives memory: 36K
[    0.076000] smpboot: CPU0: Intel(R) Core(TM) i5-7360U CPU @ 2.30GHz (family: 0x6, model: 0x8e, stepping: 0x9)
[    0.076090] Performance Events: unsupported p6 CPU model 142 no PMU driver, software events only.
[    0.080034] Hierarchical SRCU implementation.
[    0.081757] NMI watchdog: Perf event create on CPU 0 failed with -2
[    0.083444] NMI watchdog: Perf NMI watchdog permanently disabled
[    0.084073] smp: Bringing up secondary CPUs ...
[    0.089319] x86: Booting SMP configuration:
[    0.092008] .... node  #0, CPUs:      #1
[    0.004000] kvm-clock: cpu 1, msr 1:1ff50041, secondary cpu clock
[    0.004000] mce: CPU supports 0 MCE banks
[    0.100027] smp: Brought up 1 node, 2 CPUs
[    0.104006] smpboot: Max logical packages: 1
[    0.105183] smpboot: Total of 2 processors activated (9215.99 BogoMIPS)
[    0.108223] devtmpfs: initialized
[    0.112051] x86/mm: Memory block size: 128MB
[    0.116303] evm: security.selinux
[    0.117255] evm: security.SMACK64
[    0.118344] evm: security.SMACK64EXEC
[    0.119354] evm: security.SMACK64TRANSMUTE
[    0.120009] evm: security.SMACK64MMAP
[    0.124002] evm: security.apparmor
[    0.124961] evm: security.ima
[    0.128004] evm: security.capability
[    0.132098] clocksource: jiffies: mask: 0xffffffff max_cycles: 0xffffffff, max_idle_ns: 7645041785100000 ns
[    0.136017] futex hash table entries: 512 (order: 3, 32768 bytes)
[    0.140081] pinctrl core: initialized pinctrl subsystem
[    0.144116] RTC time: 10:49:41, date: 06/25/19
[    0.148193] NET: Registered protocol family 16
[    0.152089] audit: initializing netlink subsys (disabled)
[    0.156045] audit: type=2000 audit(1561459784.534:1): state=initialized audit_enabled=0 res=1
[    0.196011] cpuidle: using governor ladder
[    0.200019] cpuidle: using governor menu
[    0.201160] ACPI: bus type PCI registered
[    0.204006] acpiphp: ACPI Hot Plug PCI Controller Driver version: 0.5
[    0.208124] PCI: Using configuration type 1 for base access
[    0.209658] HugeTLB registered 2.00 MiB page size, pre-allocated 0 pages
[    0.216096] ACPI: Added _OSI(Module Device)
[    0.220011] ACPI: Added _OSI(Processor Device)
[    0.224016] ACPI: Added _OSI(3.0 _SCP Extensions)
[    0.225920] ACPI: Added _OSI(Processor Aggregator Device)
[    0.228035] ACPI: Added _OSI(Linux-Dell-Video)
[    0.232004] ACPI: Added _OSI(Linux-Lenovo-NV-HDMI-Audio)
[    0.236004] ACPI: Added _OSI(Linux-HPI-Hybrid-Graphics)
[    0.240776] ACPI: Executed 1 blocks of module-level executable AML code
[    0.250132] ACPI: Interpreter enabled
[    0.252017] ACPI: (supports S0 S5)
[    0.253705] ACPI: Using IOAPIC for interrupt routing
[    0.256483] PCI: Using host bridge windows from ACPI; if necessary, use "pci=nocrs" and report a bug
[    0.260242] ACPI: Enabled 2 GPEs in block 00 to 07
[    0.272749] ACPI: PCI Root Bridge [PCI0] (domain 0000 [bus 00-ff])
[    0.274021] acpi PNP0A03:00: _OSC: OS supports [ASPM ClockPM Segments MSI]
[    0.275402] acpi PNP0A03:00: _OSC: not requesting OS control; OS requires [ExtendedConfig ASPM ClockPM MSI]
[    0.276011] acpi PNP0A03:00: fail to add MMCONFIG information, can't access extended PCI configuration space under this bridge.
[    0.280368] PCI host bridge to bus 0000:00
[    0.284012] pci_bus 0000:00: root bus resource [io  0x0000-0x0cf7 window]
[    0.285626] pci_bus 0000:00: root bus resource [io  0x0d00-0xffff window]
[    0.288047] pci_bus 0000:00: root bus resource [mem 0x000a0000-0x000bffff window]
[    0.292010] pci_bus 0000:00: root bus resource [mem 0xe0000000-0xfdffffff window]
[    0.296005] pci_bus 0000:00: root bus resource [bus 00-ff]
[    0.302186] pci 0000:00:01.1: legacy IDE quirk: reg 0x10: [io  0x01f0-0x01f7]
[    0.304010] pci 0000:00:01.1: legacy IDE quirk: reg 0x14: [io  0x03f6]
[    0.305807] pci 0000:00:01.1: legacy IDE quirk: reg 0x18: [io  0x0170-0x0177]
[    0.308008] pci 0000:00:01.1: legacy IDE quirk: reg 0x1c: [io  0x0376]
[    0.352154] pci 0000:00:07.0: quirk: [io  0x4000-0x403f] claimed by PIIX4 ACPI
[    0.356030] pci 0000:00:07.0: quirk: [io  0x4100-0x410f] claimed by PIIX4 SMB
[    0.387743] ACPI: PCI Interrupt Link [LNKA] (IRQs 5 9 10 *11)
[    0.388301] ACPI: PCI Interrupt Link [LNKB] (IRQs 5 9 *10 11)
[    0.392174] ACPI: PCI Interrupt Link [LNKC] (IRQs 5 *9 10 11)
[    0.396165] ACPI: PCI Interrupt Link [LNKD] (IRQs 5 9 10 *11)
[    0.400415] SCSI subsystem initialized
[    0.404051] pci 0000:00:02.0: vgaarb: setting as boot VGA device
[    0.408000] pci 0000:00:02.0: vgaarb: VGA device added: decodes=io+mem,owns=io+mem,locks=none
[    0.408008] pci 0000:00:02.0: vgaarb: bridge control possible
[    0.412006] vgaarb: loaded
[    0.416050] ACPI: bus type USB registered
[    0.420036] usbcore: registered new interface driver usbfs
[    0.421579] usbcore: registered new interface driver hub
[    0.424030] usbcore: registered new device driver usb
[    0.425547] EDAC MC: Ver: 3.0.0
[    0.428400] PCI: Using ACPI for IRQ routing
[    0.432392] NetLabel: Initializing
[    0.436006] NetLabel:  domain hash size = 128
[    0.440007] NetLabel:  protocols = UNLABELED CIPSOv4 CALIPSO
[    0.444032] NetLabel:  unlabeled traffic allowed by default
[    0.445710] clocksource: Switched to clocksource kvm-clock
[    0.458738VF Disk quasqu_66.0
[    0.703222] VFS: Dquot-cache hash table entries: 512 (order 0, 4096 bytes)
[    0.706133] AppArmor: AppArmor Filesystem Enabled
[    0.708776] pnp: PnP ACPI init
[    0.713040] pnp: PnP ACPI: found 3 devices
[    0.731881] clocksource: acpi_pm: mask: 0xffffff max_cycles: 0xffffff, max_idle_ns: 085701024 ns
[    0.765522] NET:Restedrocofaly
[    1.083527] TCP esabsh hh blenie 368orr:, 21 btes)
[    1.746394] TCP bind hash table entries: 32768 (order: 7, 524288 bytes)
[   1.754100] TCP: Hash tables configured (established 32768 bind 32768)
[    1.777424] UDP hash table entries: 2048 (order: 4, 65536 bytes)
[    1.779204] UDP-Lite hash table entries: 2048 (order: 4, 65536 bytes)
[    1.781107] NET: Registered protocol family 1
[    1.782377] pci 0000:00:00.0: Limiting direct PCI/PCI transfers
[    1.784072] pci 0000:00:01.0: Activating ISA DMA hang workarounds
[    1.785827] pci 0000:00:02.0: Video device with shadowed ROM at [mem 0x000c0000-0x000dffff]
[    1.788319] Unpacking initramfs...

[    2.063901] Freeing initrd memory: 19508K
[    2.101097] PCI-DMA: Using software bounce buffering for IO (SWIOTLB)
[    2.108630] software IO TLB [mem 0xdbff0000-0xdfff0000] (64MB) mapped at [        (ptrval)-        (ptrval)]
[    2.213474] clocksource: tsc: mask: 0xffffffffffffffff max_cycles: 0x2135f5e6f15, max_idle_ns: 440795231538 ns
[    2.222562] platform rtc_cmos: registered platform RTC device (no PNP device found)
[    2.247027] Scanning for low memory corruption every 60 seconds
[    2.249335] Initialise system trusted keyrings
[    2.302932] Key type blacklist registered
[    2.325670] workingset: timestamp_bits=36 max_order=20 bucket_order=0
[    2.361063] zbud: loaded
[    2.384538] squashfs: version 4.0 (2009/01/31) Phillip Lougher
[    2.438059] fuse init (API version 7.26)
[    2.460631] Key type asymmetric registered
[    2.461525] Asymmetric key parser 'x509' registered
[    2.462563] Block layer SCSI generic (bsg) driver version 0.4 loaded (major 246)
[    2.464195] io scheduler noop registered
[    2.465025] io scheduler deadline registered
[    2.465935] io scheduler cfq registered (default)
[    2.482298] ACPI: AC Adapter [AC] (off-line)
[    2.522313] input: Power Button as /devices/LNXSYSTM:00/LNXPWRBN:00/input/input0
[    2.597451] ACPI: Power Button [PWRF]
[    2.630453] input: Sleep Button as /devices/LNXSYSTM:00/LNXSLPBN:00/input/input1
[    2.694473] ACPI: Sleep Button [SLPF]
[    2.696952] ACPI: Battery Slot [BAT0] (battery present)
[    2.704873] Serial: 8250/16550 driver, 32 ports, IRQ sharing enabled
[    2.753048] 00:02: ttyS0 at I/O 0x3f8 (irq = 4, base_baud = 115200) is a 16550A
[    2.761387] Linux agpgart interface v0.103
[    2.783787] loop: module loaded
[    2.794431] scsi host0: ata_piix
[    2.853856] scsi host1: ata_piix
[    2.864581] ata1: PATA max UDMA/33 cmd 0x1f0 ctl 0x3f6 bmdma 0xd000 irq 14
[    2.866010] ata2: PATA max UDMA/33 cmd 0x170 ctl 0x376 bmdma 0xd008 irq 15
[    2.867670] libphy: Fixed MDIO Bus: probed
[    2.868904] tun: Universal TUN/TAP device driver, 1.6
[    2.877566] PPP generic driver version 2.4.2
[    2.878798] ehci_hcd: USB 2.0 'Enhanced' Host Controller (EHCI) Driver
[    2.880594] ehci-pci: EHCI PCI platform driver
[    2.881855] ehci-platform: EHCI generic platform driver
[    2.883507] ohci_hcd: USB 1.1 'Open' Host Controller (OHCI) Driver
[    2.887967] ohci-pci: OHCI PCI platform driver
[    2.890777] ohci-platform: OHCI generic platform driver
[    2.893772] uhci_hcd: USB Universal Host Controller Interface driver
[    2.902932] i8042: PNP: PS/2 Controller [PNP0303:PS2K,PNP0f03:PS2M] at 0x60,0x64 irq 1,12
[    2.909535] serio: i8042 KBD port at 0x60,0x64 irq 1
[    2.911678] serio: i8042 AUX port at 0x60,0x64 irq 12
[    2.913955] mousedev: PS/2 mouse device common for all mice
[    2.917194] input: AT Translated Set 2 keyboard as /devices/platform/i8042/serio0/input/input2
[    2.922523] rtc_cmos rtc_cmos: rtc core: registered rtc_cmos as rtc0
[    2.926304] rtc_cmos rtc_cmos: alarms up to one day, 114 bytes nvram
  2.01] i2c /dev entries driver

[    3.084496] device-mapper: uevent: version 1.0.3
[    3.094266] device-mapper: ioctl: 4.37.0-ioctl (2017-09-20) initialised: dm-devel@redhat.com
[    3.103673] ledtrig-cpu: registered to indicate activity on CPUs
[    3.105877] NET: Registered protocol family 10
[    3.112333] Segment Routing with IPv6
[    3.128511] NET: Registered protocol family 17
[    3.129921] Key type dns_resolver registered
[    3.141836] RAS: Correctable Errors collector initialized.
[    3.186745] sched_clock: Marking stable (3186710589, 0)->(8125160296, -4938449707)
[    3.205986] registered taskstats version 1
[    3.252352] Loading compiled-in X.509 certificates
[    3.272708] Loaded X.509 cert 'Build time autogenerated kernel key: 090ea8f218b1de455a55c926855dfde92833e981'
[    3.350174] zswap: loaded using pool lzo/zbud
[    3.400886] Key type big_key registered
[    3.444547] Key type trusted registered
[    3.487871] Key type encrypted registered
[    3.500250] AppArmor: AppArmor sha1 policy hashing enabled
[    3.513021] ima: No TPM chip found, activating TPM-bypass! (rc=-19)
[    3.524907] ima: Allocated hash algorithm: sha1
[    3.553065] evm: HMAC attrs: 0x1
[    3.588957]   Magic number: 7:725:831
[    3.623490] rtc_cmos rtc_cmos: setting system clock to 2019-06-25 10:49:45 UTC (1561459785)
[    3.660532] BIOS EDD facility v0.16 2004-Jun-25, 0 devices found
[    3.684612] EDD information not available.
[    3.689905] Freeing unused kernel image memory: 2408K
[    3.756936] Write protecting the kernel read-only data: 20480k
[    4.380631] Freeing unused kernel image memory: 2008K
[    4.706799] Freeing unused kernel image memory: 1872K
[    4.712844] x86/mm: Checked W+X mappings: passed, no W+X pages found.
[    4.735702] x86/mm: Checking user space page tables
[    5.110855] x86/mm: Checked W+X mappings: passed, no W+X pages found.
Loading, please wait...
starting version 237
[    5.179374] e1000: Intel(R) PRO/1000 Network Driver - version 7.3.21-k8-NAPI
[    5.181408] e1000: Copyright (c) 1999-2006 Intel Corporation.
[    5.184758] Fusion MPT base driver 3.04.20
[    5.185923] Copyright (c) 1999-2008 LSI Corporation
[    5.203302] Fusion MPT SPI Host driver 3.04.20
[    5.205473] AVX2 version of gcm_enc/dec engaged.
[    5.206750] AES CTR mode by8 optimization enabled
[    5.426217] input: ImExPS/2 Generic Explorer Mouse as /devices/platform/i8042/serio1/input/input4
[    5.671565] e1000 0000:00:03.0 eth0: (PCI:33MHz:32-bit) 02:1e:30:9c:a3:c0
[    6.199086] e1000 0000:00:03.0 eth0: Intel(R) PRO/1000 Network Connection
[    6.710353] e1000 0000:00:08.0 eth1: (PCI:33MHz:32-bit) 08:00:27:cc:de:b0
[    7.236795] e1000 0000:00:08.0 eth1: Intel(R) PRO/1000 Network Connection
[    7.239269] e1000 0000:00:08.0 enp0s8: renamed from eth1
[    7.239873] mptbase: ioc0: Initiating bringup
[    7.273427] e1000 0000:00:03.0 enp0s3: renamed from eth0
[    7.337699] ioc0: LSI53C1030 A0: Capabilities={Initiator}
[    8.631218] scsi host2: ioc0: LSI53C1030 A0, FwRev=00000000h, Ports=1, MaxQ=256, IRQ=20
[    9.477802] scsi 2:0:0:0: Direct-Access     VBOX     HARDDISK         1.0  PQ: 0 ANSI: 5
[    9.682439] scsi target2:0:0: Beginning Domain Validation
[   10.297171] scsi target2:0:0: Domain Validation skipping write tests
[   10.346330] scsi target2:0:0: Ending Domain Validation
[   10.370228] scsi target2:0:0: asynchronous
[   10.376697] scsi 2:0:1:0: Direct-Access     VBOX     HARDDISK         1.0  PQ: 0 ANSI: 5
[   10.703225] scsi target2:0:1: Beginning Domain Validation
[   10.733317] random: fast init done
[   10.736057] scsi target2:0:1: Domain Validation skipping write tests
[   11.281944] scsi target2:0:1: Ending Domain Validation
[   11.294540] scsi target2:0:1: asynchronous
[   11.315208] random: systemd-udevd: uninitialized urandom read (16 bytes read)
[   11.316550] sd 2:0:0:0: Attached scsi generic sg0 type 0
[   11.317181] sd 2:0:1:0: Attached scsi generic sg1 type 0
[   11.359819] random: systemd-udevd: uninitialized urandom read (16 bytes read)
[   11.376516] random: systemd-udevd: uninitialized urandom read (16 bytes read)
[   11.409937] sd 2:0:1:0: [sdb] 20480 512-byte logical blocks: (10.5 MB/10.0 MiB)
[   11.441581] sd 2:0:0:0: [sda] 20971520 512-byte logical blocks: (10.7 GB/10.0 GiB)
[   11.470011] sd 2:0:0:0: [sda] Write Protect is off
[   11.502845] sd 2:0:1:0: [sdb] Write Protect is off
[   11.527999] sd 2:0:1:0: [sdb] Incomplete mode parameter data
[   11.556741] sd 2:0:1:0: [sdb] Assuming drive cache: write through
[   11.556835] sd 2:0:0:0: [sda] Incomplete mode parameter data
[   11.556836] sd 2:0:0:0: [sda] Assuming drive cache: write through
[   11.559853]  sda: sda1
[   11.560760] sd 2:0:0:0: [sda] Attached SCSI disk
[   11.643933] sd 2:0:1:0: [sdb] Attached SCSI disk
Begin: Loading essential drivers ... [   13.120206] raid6: sse2x1   gen() 12156 MB/s
[   13.168096] raid6: sse2x1   xor()  8904 MB/s
[   13.256610] raid6: sse2x2   gen() 15168 MB/s
[   13.332019] raid6: sse2x2   xor() 10045 MB/s
[   13.428264] raid6: sse2x4   gen() 17569 MB/s
[   13.504138] raid6: sse2x4   xor() 10028 MB/s
[   13.552526] raid6: avx2x1   gen() 22345 MB/s
[   13.608138] raid6: avx2x1   xor() 14378 MB/s
[   13.680203] raid6: avx2x2   gen() 28288 MB/s
[   13.764103] raid6: avx2x2   xor() 16277 MB/s
[   13.836487] raid6: avx2x4   gen() 31443 MB/s
[   13.896077] raid6: avx2x4   xor()  9790 MB/s
[   13.904737] raid6: using algorithm avx2x4 gen() 31443 MB/s
[   13.907657] raid6: .... xor() 9790 MB/s, rmw enabled
[   13.911247] raid6: using avx2x2 recovery algorithm
[   13.918800] xor: automatically using best checksumming function   avx       
[   13.927120] async_tx: api initialized (async)
done.
Begin: Running /scripts/init-premount ... done.
Begin: Mounting[   14.003961] Btrfs loaded, crc32c=crc32c-intel
 root file system ... Begin: Running /scripts/local-top ... done.
Begin: Running /scripts/local-premount ... Scanning for Btrfs filesystems
done.
Warning: fsck not present, so sk[   14.139249] EXT4-fs (sda1): mounted filesystem with ordered data mode. Opts: (null)
ipping root file system
done.
Begin: Running /scripts/local-bottom ... done.
Begin: Running /scripts/init-bottom ... done.
[   14.401671] ip_tables: (C) 2000-2006 Netfilter Core Team
[   14.414126] systemd[1]: systemd 237 running in system mode. (+PAM +AUDIT +SELINUX +IMA +APPARMOR +SMACK +SYSVINIT +UTMP +LIBCRYPTSETUP +GCRYPT +GNUTLS +ACL +XZ +LZ4 +SECCOMP +BLKID +ELFUTILS +KMOD -IDN2 +IDN -PCRE2 default-hierarchy=hybrid)
[   14.683145] systemd[1]: Detected virtualization oracle.
[   14.693331] systemd[1]: Detected architecture x86-64.

Welcome to [1mUbuntu 18.04.2 LTS[0m!

[   14.742358] systemd[1]: Set hostname to <ubuntu-bionic>.
[   15.165594] systemd[1]: Created slice System Slice.
[[0;32m  OK  [0m] Created slice System Slice.
[   15.248685] systemd[1]: Listening on /dev/initctl Compatibility Named Pipe.
[[0;32m  OK  [0m] Listening on /dev/initctl Compatibility Named Pipe.
[   15.396611] systemd[1]: Listening on Syslog Socket.
[[0;32m  OK  [0m] Listening on Syslog Socket.
[   15.513112] systemd[1]: Reached target Swap.
[[0;32m  OK  [0m] Reached target Swap.
[   15.640733] systemd[1]: Listening on Journal Audit Socket.
[[0;32m  OK  [0m] Listening on Journal Audit Socket.
[   15.785349] systemd[1]: Listening on udev Control Socket.
[[0;32m  OK  [0m] Listening on udev Control Socket.
[[0;32m  OK  [0m] Listening on Network Service Netlink Socket.
[[0;32m  OK  [0m] Listening on udev Kernel Socket.
[[0;32m  OK  [0m] Listening on Device-mapper event daemon FIFOs.
[[0;32m  OK  [0m] Listening on Journal Socket.
         Starting Create list of required st…ce nodes for the current kernel...
         Starting Uncomplicated firewall...
         Starting Remount Root and Kernel File Systems...
         Starting udev Coldplug all Devices...
[[0;32m  OK  [0m] Listening on Journal Socket (/dev/log).
         Starting Journal Service...
[[0;32m  OK  [[   16.003211] EXT4-fs (sda1): re-mounted. Opts: (null)
0m] Created slice User and Session Slice.
[[0;32m  OK  [0m] Reached target Slices.
         Mounting POSIX Message Queue File System...
         Starting Load Kernel Modules...
[[0;32m  OK  [0m] Created slice system-serial\x2dgetty.slice.
[[0;32m  OK  [0m] Started Forward Password Requests to Wall Directory Watch.
[[0;32m  OK  [0m] Reached target User and Group Name Lookups.
         Starting Set the console keyboard layout...
[[0;32m  OK  [0m] Listening on LVM2 metadata da[   16.081856] Loading iSCSI transport class v2.0-870.
emon socket.
         Starting Monitoring of LVM2 mirrors…ng dmeventd or progress polling...
[[0;32m  OK  [0m] Set up automount Arbitrary Executab…rmats File System Automount Point.
         Mounting Kernel Debug File System...
[[0;32m  OK  [0m] Reached target System Time Synchronized.
[   16.284660] iscsi: registered transport (tcp)
[[0;32m  OK  [0m] Listening on LVM2 poll daemon[   16.308662] iscsi: registered transport (iser)
 socket.
         Mounting Huge Pages File System...
[[0;32m  OK  [0m] Started Journal Service.
[[0;32m  OK  [0m] Started Create list of required sta…vice nodes for the current kernel.
[[0;32m  OK  [0m] Started Uncomplicated firewall.
[[0;32m  OK  [0m] Started Remount Root and Kernel File Systems.
[[0;32m  OK  [0m] Mounted POSIX Message Queue File System.
[[0;32m  OK  [0m] Started Load Kernel Modules.
[[0;32m  OK  [0m] Started Set the console keyboard layout.
[[0;32m  OK  [0m] Mounted Kernel Debug File System.
[[0;32m  OK  [0m] Mounted Huge Pages File System.
[[0;32m  OK  [0m] Started udev Coldplug all Devices.
[[0;32m  OK  [0m] Started LVM2 metadata daemon.
         Mounting Kernel Configuration File Syst[   16.853907] random: crng init done
em...
[   16.863031] random: 7 urandom warning(s) missed due to ratelimiting
         Starting Apply Kernel Variables...
         Mounting FUSE Control File System...
         Starting Load/Save Random Seed...
         Starting Initial cloud-init job (pre-networking)...
         Starting Create Static Device Nodes in /dev...
         Starting Flush Journal to Persistent Storage...
[[0;32m  OK  [0m] Started Monitoring of LVM2 mirrors,…sing dmeventd or progress polling.
[[0;32m  OK  [0m] Mounted Kernel Configuration File System.
[[0;32m  OK  [0m] Started Apply Kernel Variables.
[[0;32m  OK  [0m] Mounted FUSE Control File System.
[[0;32m  OK  [0m] Started Load/Save Random Seed.
[[0;32m  OK  [0m] Started Create Static Device Nodes in /dev.
[[0;32m  OK  [0m] Reached target Local File Systems (Pre).
[[0;32m  OK  [0m] Reached target Local File Systems.
         Starting Set console font and keymap...
         Starting AppArmor initialization...
         Starting Tell Plymouth To Write Out Runtime Data...
         Starting ebtables ruleset management...
         Starting udev Kernel Device Manager...
[[0;32m  OK  [0m] Started Set console font and keymap.
[[0;32m  OK  [0m] Started Tell Plymouth To Write Out Runtime Data.
[[0;32m  OK  [0m] Started udev Kernel Device Manager.
[[0;32m  OK  [0m] Started Dispatch Password Requests to Console Directory Watch.
[[0;32m  OK  [0m] Reached target Local Encrypted Volumes.
[[0;32m  OK  [0m] Started ebtables ruleset management.
[[0;32m  OK  [0m] Started Flush Journal to Persistent Storage.
         Starting Create Volatile Files and Directories...
[[0;32m  OK  [0m] Started Create Volatile Files and Directories.
         Starting Update UTMP about System Boot/Shutdown...
[[0;32m  OK  [0m] Started Update UTMP about System Boot/Shutdown.
[[0;32m  OK  [0m] Found device /dev/ttyS0.
[[0;32m  OK  [0m] Started AppArmor initialization.
[[0;32m  OK  [0m] Listening on Load/Save RF Kill Switch Status /dev/rfkill Watch.
[   18.616367] cloud-init[424]: Cloud-init v. 18.5-45-g3554ffe8-0ubuntu1~18.04.1 running 'init-local' at Tue, 25 Jun 2019 10:50:00 +0000. Up 18.42 seconds.
[[0;32m  OK  [0m] Started Initial cloud-init job (pre-networking).
[[0;32m  OK  [0m] Reached target Network (Pre).
         Starting Network Service...
[[0;32m  OK  [0m] Started Network Service.
         Starting Wait for Network to be Configured...
         Starting Network Name Resolution...
[[0;32m  OK  [0m] Started Network Name Resolution.
[[0;32m  OK  [0m] Reached target Network.
[[0;32m  OK  [0m] Reached target Host and Network Name Lookups.
[[0;32m  OK  [0m] Started Wait for Network to be Configured.
         Starting Initial cloud-init job (metadata service crawler)...
[   21.466981] cloud-init[702]: Cloud-init v. 18.5-45-g3554ffe8-0ubuntu1~18.04.1 running 'init' at Tue, 25 Jun 2019 10:50:03 +0000. Up 21.17 seconds.
[   21.476213] cloud-init[702]: ci-info: ++++++++++++++++++++++++++++++++++++++Net device info+++++++++++++++++++++++++++++++++++++++
[   21.484984] cloud-init[702]: ci-info: +--------+------+-----------------------------+---------------+--------+-------------------+
[   21.492487] cloud-init[702]: ci-info: | Device |  Up  |           Address           |      Mask     | Scope  |     Hw-Address    |
[   21.512454] cloud-init[702]: ci-info: +--------+------+-----------------------------+---------------+--------+-------------------+
[   21.519283] cloud-init[702]: ci-info: | enp0s3 | True |          10.0.2.15          | 255.255.255.0 | global | 02:1e:30:9c:a3:c0 |
[   21.536376] cloud-init[702]: ci-info: | enp0s3 | True |  fe80::1e:30ff:fe9c:a3c0/64 |       .       |  link  | 02:1e:30:9c:a3:c0 |
[   21.609253] cloud-init[702]: ci-info: | enp0s8 | True |        192.168.33.10        | 255.255.255.0 | global | 08:00:27:cc:de:b0 |
[   21.638738] cloud-init[702]: ci-info: | enp0s8 | True | fe80::a00:27ff:fecc:deb0/64 |       .       |  link  | 08:00:27:cc:de:b0 |
[   21.666788] cloud-init[702]: ci-info: |   lo   | True |          127.0.0.1          |   255.0.0.0   |  host  |         .         |
[   21.679261] cloud-init[702]: ci-info: |   lo   | True |           ::1/128           |       .       |  host  |         .         |
[   21.712948] cloud-init[702]: ci-info: +--------+------+-----------------------------+---------------+--------+-------------------+
[   21.728094] cloud-init[702]: ci-info: +++++++++++++++++++++++++++++Route IPv4 info+++++++++++++++++++++++++++++
[   21.733949] cloud-init[702]: ci-info: +-------+--------------+----------+-----------------+-----------+-------+
[   21.745154] cloud-init[702]: ci-info: | Route | Destination  | Gateway  |     Genmask     | Interface | Flags |
[   21.751681] cloud-init[702]: ci-info: +-------+--------------+----------+-----------------+-----------+-------+
[   21.755933] cloud-init[702]: ci-info: |   0   |   0.0.0.0    | 10.0.2.2 |     0.0.0.0     |   enp0s3  |   UG  |
[   21.765405] cloud-init[702]: ci-info: |   1   |   10.0.2.0   | 0.0.0.0  |  255.255.255.0  |   enp0s3  |   U   |
[[   21.840354] cloud-init[702]: ci-info: |   2   |   10.0.2.2   | 0.0.0.0  | 255.255.255.255 |   enp0s3  |   UH  |
[   21.840631] cloud-init[702]: ci-info: |   3   | 192.168.33.0 | 0.0.0.0  |  255.255.255.0  |   enp0s8  |   U   |
[   21.841304] cloud-init[702]: ci-info: +-------+--------------+----------+-----------------+-----------+-------+
[   21.841457] cloud-init[702]: ci-info: +++++++++++++++++++Route IPv6 info+++++++++++++++++++
[0;32m  OK  [0m] Started Initial cloud-init job (metadata service crawler).
[   21.842030] cloud-init[702]: ci-info: +-------+-------------+---------+-----------+-------+
[   21.932152] cloud-init[702]: ci-info: | Route | Destination | Gateway | Interface | Flags |
[[   21.944806] cloud-init[702]: ci-info: +-------+-------------+---------+-----------+-------+
[   21.945098] cloud-init[702]: ci-info: |   1   |  fe80::/64  |    ::   |   enp0s8  |   U   |
[   21.945363] cloud-init[702]: ci-info: |   2   |  fe80::/64  |    ::   |   enp0s3  |   U   |
[   21.945610] cloud-init[702]: ci-info: |   4   |    local    |    ::   |   enp0s3  |   U   |
[   21.945865] cloud-init[702]: ci-info: |   5   |    local    |    ::   |   enp0s8  |   U   |
[   21.946122] cloud-init[702]: ci-info: |   6   |   ff00::/8  |    ::   |   enp0s8  |   U   |
[   21.946379] cloud-init[702]: ci-info: |   7   |   ff00::/8  |    ::   |   enp0s3  |   U   |
[   21.946635] cloud-init[702]: ci-info: +-------+-------------+---------+-----------+-------+
[0;32m  OK  [0m] Reached target System Initialization.
[[0;32m  OK  [0m] Listening on ACPID Listen Socket.
[[0;32m  OK  [0m] Listening on Open-iSCSI iscsid Socket.
[[0;32m  OK  [0m] Started Discard unused blocks once a week.
         Starting Socket activation for snappy daemon.
[[0;32m  OK  [0m] Listening on D-Bus System Message Bus Socket.
[[0;32m  OK  [0m] Started Message of the Day.
         Starting LXD - unix socket.
[[0;32m  OK  [0m] Started Daily apt download activities.
[[0;32m  OK  [0m] Started Daily Cleanup of Temporary Directories.
[[0;32m  OK  [0m] Listening on UUID daemon activation socket.
[[0;32m  OK  [0m] Started ACPI Events Check.
[[0;32m  OK  [0m] Reached target Paths.
[[0;32m  OK  [0m] Started Daily apt upgrade and clean activities.
[[0;32m  OK  [0m] Reached target Timers.
[[0;32m  OK  [0m] Reached target Network is Online.
         Starting Availability of block devices...
[[0;32m  OK  [0m] Reached target Remote File Systems (Pre).
[[0;32m  OK  [0m] Reached target Remote File Systems.
[[0;32m  OK  [0m] Reached target Cloud-config availability.
[[0;32m  OK  [0m] Listening on Socket activation for snappy daemon.
[[0;32m  OK  [0m] Listening on LXD - unix socket.
[[0;32m  OK  [0m] Started Availability of block devices.
[[0;32m  OK  [0m] Reached target Sockets.
[[0;32m  OK  [0m] Reached target Basic System.
         Starting Login Service...
[[0;32m  OK  [0m] Started irqbalance daemon.
[[0;32m  OK  [0m] Started FUSE filesystem for LXC.
         Starting Permit User Sessions...
         Starting OpenBSD Secure Shell server...
[[0;32m  OK  [0m] Started D-Bus System Message Bus.
[[0;32m  OK  [0m] Started Deferred execution scheduler.
         Starting LXD - container startup/shutdown...
         Starting LSB: automatic crash report generation...
[[0;32m  OK  [0m] Started Regular background program processing daemon.
         Starting vboxadd.service...
         Starting Accounts Service...
         Starting Dispatcher daemon for systemd-networkd...
         Starting System Logging Service...
         Starting LSB: Record successful boot for GRUB...
         Starting Snappy daemon...
[[0;32m  OK  [0m] Started System Logging Service.
[[0;32m  OK  [0m] Started Permit User Sessions.
[[0;32m  OK  [0m] Started LXD - container startup/shutdown.
[[0;32m  OK  [0m] Started Login Service.
[[0;32m  OK  [0m] Started OpenBSD Secure Shell server.
         Starting Authorization Manager...
[[0;32m  OK  [0m] Started Unattended Upgrades Shutdown.
         Starting Terminate Plymouth Boot Screen...
         Starting Hold until boot process finishes up...
[[0;32m  OK  [0m] Started Hold until boot process finishes up.
[[0;32m  OK  [0m] Started Terminate Plymouth Boot Screen.
[[0;32m  OK  [0m] Started Serial Getty on ttyS0.
         Starting Set console scheme...
[[0;32m  OK  [0m] Started LSB: Record successful boot for GRUB.
[[0;32m  OK  [0m] Started Authorization Manager.
[[0;32m  OK  [0m] Started Accounts Service.
[[0;32m  OK  [0m] Started Set console scheme.
[[0;32m  OK  [0m] Started LSB: automatic crash report generation.
[[0;32m  OK  [0m] Created slice system-getty.slice.
[[0;32m  OK  [0m] Started Getty on tty1.
[[0;32m  OK  [0m] Reached target Login Prompts.
[[0;32m  OK  [0m] Started Snappy daemon.
         Starting Wait until snapd is fully seeded...
[[0;32m  OK  [0m] Started Wait until snapd is fully seeded.
         Starting Apply the settings specified in cloud-config...
[[0;32m  OK  [0m] Started Dispatcher daemon for systemd-networkd.
[[0;32m  OK  [0m] Started vboxadd.service.
         Starting vboxadd-service.service...
[[0;32m  OK  [0m] Started vboxadd-service.service.
[[0;32m  OK  [0m] Reached target Multi-User System.
[[0;32m  OK  [0m] Reached target Graphical Interface.
         Starting Update UTMP about System Runlevel Changes...
[[0;32m  OK  [0m] Started Update UTMP about System Runlevel Changes.
[[0;32m  OK  [0m] Created slice User Slice of vagrant.
         Starting User Manager for UID 1000...
[[0;32m  OK  [0m] Started Session 1 of user vagrant.
[[0;32m  OK  [0m] Started User Manager for UID 1000.
[   23.699170] cloud-init[1103]: Cloud-init v. 18.5-45-g3554ffe8-0ubuntu1~18.04.1 running 'modules:config' at Tue, 25 Jun 2019 10:50:05 +0000. Up 23.60 seconds.
[[0;32m  OK  [0m] Started Apply the settings specified in cloud-config.
         Starting Execute cloud user/final scripts...
[   24.327679] cloud-init[1244]: Cloud-init v. 18.5-45-g3554ffe8-0ubuntu1~18.04.1 running 'modules:final' at Tue, 25 Jun 2019 10:50:06 +0000. Up 24.24 seconds.
[   24.331245] cloud-init[1244]: Cloud-init v. 18.5-45-g3554ffe8-0ubuntu1~18.04.1 finished at Tue, 25 Jun 2019 10:50:06 +0000. Datasource DataSourceNoCloud [seed=/dev/sdb][dsmode=net].  Up 24.32 seconds
[[0;32m  OK  [0m] Started Execute cloud user/final scripts.
[[0;32m  OK  [0m] Reached target Cloud-init target.

Ubuntu 18.04.2 LTS ubuntu-bionic ttyS0

ubuntu-bionic login: 